0 info it worked if it ends with ok
1 verbose cli [ '/usr/local/bin/node',
1 verbose cli   '/usr/local/bin/npm',
1 verbose cli   'remove',
1 verbose cli   'lotte',
1 verbose cli   '-g' ]
2 info using npm@1.4.28
3 info using node@v0.10.33
4 verbose lib/node_modules/lotte unbuild
5 info preuninstall lotte@0.2.3
6 info uninstall lotte@0.2.3
7 verbose true,/usr/local/lib/node_modules,/usr/local/lib/node_modules unbuild lotte@0.2.3
8 verbose /usr/local/bin,[object Object] binRoot
9 error Error: EACCES, unlink '/usr/local/bin/lotte'
9 error  { [Error: EACCES, unlink '/usr/local/bin/lotte'] errno: 3, code: 'EACCES', path: '/usr/local/bin/lotte' }
10 error Please try running this command again as root/Administrator.
11 error System Linux 3.16.0-29-generic
12 error command "/usr/local/bin/node" "/usr/local/bin/npm" "remove" "lotte" "-g"
13 error cwd /home/phil/misc-git-repos/my-repos/Buddy-System
14 error node -v v0.10.33
15 error npm -v 1.4.28
16 error path /usr/local/bin/lotte
17 error code EACCES
18 error errno 3
19 error stack Error: EACCES, unlink '/usr/local/bin/lotte'
20 verbose exit [ 3, true ]
